# JRE version: OpenJDK Runtime Environment (8.0_152-b06) (build 1.8.0_152-release-1136-b06)
# Java VM: OpenJDK 64-Bit Server VM (25.152-b06 mixed mode windows-amd64 compressed oops)
Heap:
 PSYoungGen      total 452608K, used 355816K [0x00000000e0000000, 0x00000000fec80000, 0x0000000100000000)
  eden space 441344K, 78% used [0x00000000e0000000,0x00000000f507a908,0x00000000faf00000)
  from space 11264K, 99% used [0x00000000fe180000,0x00000000fec7fa08,0x00000000fec80000)
  to   space 29696K, 0% used [0x00000000fb280000,0x00000000fb280000,0x00000000fcf80000)
 ParOldGen       total 141824K, used 75085K [0x00000000a0000000, 0x00000000a8a80000, 0x00000000e0000000)
  object space 141824K, 52% used [0x00000000a0000000,0x00000000a49534c8,0x00000000a8a80000)
 Metaspace       used 89030K, capacity 92789K, committed 92888K, reserved 1130496K
  class space    used 11017K, capacity 11742K, committed 11776K, reserved 1048576K
GC Heap History (10 events):
Event: 93.322 GC heap before
{Heap before GC invocations=25 (full 3):
 PSYoungGen      total 481792K, used 481393K [0x00000000e0000000, 0x00000000ffe00000, 0x0000000100000000)
  eden space 475136K, 99% used [0x00000000e0000000,0x00000000fcfc0910,0x00000000fd000000)
  from space 6656K, 97% used [0x00000000fd000000,0x00000000fd65bdd8,0x00000000fd680000)
  to   space 23552K, 0% used [0x00000000fe700000,0x00000000fe700000,0x00000000ffe00000)
 ParOldGen       total 141824K, used 51075K [0x00000000a0000000, 0x00000000a8a80000, 0x00000000e0000000)
  object space 141824K, 36% used [0x00000000a0000000,0x00000000a31e0e18,0x00000000a8a80000)
 Metaspace       used 78323K, capacity 81441K, committed 81624K, reserved 1120256K
  class space    used 10108K, capacity 10734K, committed 10752K, reserved 1048576K
Event: 93.365 GC heap after
Heap after GC invocations=25 (full 3):
 PSYoungGen      total 487424K, used 23539K [0x00000000e0000000, 0x0000000100000000, 0x0000000100000000)
  eden space 463872K, 0% used [0x00000000e0000000,0x00000000e0000000,0x00000000fc500000)
  from space 23552K, 99% used [0x00000000fe700000,0x00000000ffdfcdb8,0x00000000ffe00000)
  to   space 30208K, 0% used [0x00000000fc500000,0x00000000fc500000,0x00000000fe280000)
 ParOldGen       total 141824K, used 58707K [0x00000000a0000000, 0x00000000a8a80000, 0x00000000e0000000)
  object space 141824K, 41% used [0x00000000a0000000,0x00000000a3954c38,0x00000000a8a80000)
 Metaspace       used 78323K, capacity 81441K, committed 81624K, reserved 1120256K
  class space    used 10108K, capacity 10734K, committed 10752K, reserved 1048576K
}
Event: 96.337 GC heap before
{Heap before GC invocations=26 (full 3):
 PSYoungGen      total 487424K, used 486406K [0x00000000e0000000, 0x0000000100000000, 0x0000000100000000)
  eden space 463872K, 99% used [0x00000000e0000000,0x00000000fc404dd0,0x00000000fc500000)
  from space 23552K, 99% used [0x00000000fe700000,0x00000000ffdfcdb8,0x00000000ffe00000)
  to   space 30208K, 0% used [0x00000000fc500000,0x00000000fc500000,0x00000000fe280000)
 ParOldGen       total 141824K, used 58707K [0x00000000a0000000, 0x00000000a8a80000, 0x00000000e0000000)
  object space 141824K, 41% used [0x00000000a0000000,0x00000000a3954c38,0x00000000a8a80000)
 Metaspace       used 78981K, capacity 82107K, committed 82264K, reserved 1120256K
  class space    used 10183K, capacity 10815K, committed 10880K, reserved 1048576K
Event: 96.364 GC heap after
Heap after GC invocations=26 (full 3):
 PSYoungGen      total 494080K, used 6632K [0x00000000e0000000, 0x0000000100000000, 0x0000000100000000)
  eden space 463872K, 0% used [0x00000000e0000000,0x00000000e0000000,0x00000000fc500000)
  from space 30208K, 21% used [0x00000000fc500000,0x00000000fcb7a390,0x00000000fe280000)
  to   space 29184K, 0% used [0x00000000fe380000,0x00000000fe380000,0x0000000100000000)
 ParOldGen       total 141824K, used 72749K [0x00000000a0000000, 0x00000000a8a80000, 0x00000000e0000000)
  object space 141824K, 51% used [0x00000000a0000000,0x00000000a470b7c8,0x00000000a8a80000)
 Metaspace       used 78981K, capacity 82107K, committed 82264K, reserved 1120256K
  class space    used 10183K, capacity 10815K, committed 10880K, reserved 1048576K
}
Event: 615.246 GC heap before
{Heap before GC invocations=27 (full 3):
 PSYoungGen      total 494080K, used 470504K [0x00000000e0000000, 0x0000000100000000, 0x0000000100000000)
  eden space 463872K, 100% used [0x00000000e0000000,0x00000000fc500000,0x00000000fc500000)
  from space 30208K, 21% used [0x00000000fc500000,0x00000000fcb7a390,0x00000000fe280000)
  to   space 29184K, 0% used [0x00000000fe380000,0x00000000fe380000,0x0000000100000000)
 ParOldGen       total 141824K, used 72749K [0x00000000a0000000, 0x00000000a8a80000, 0x00000000e0000000)
  object space 141824K, 51% used [0x00000000a0000000,0x00000000a470b7c8,0x00000000a8a80000)
 Metaspace       used 84623K, capacity 88119K, committed 88152K, reserved 1126400K
  class space    used 10703K, capacity 11377K, committed 11392K, reserved 1048576K
Event: 615.300 GC heap after
Heap after GC invocations=27 (full 3):
 PSYoungGen      total 488960K, used 24979K [0x00000000e0000000, 0x0000000100000000, 0x0000000100000000)
  eden space 459776K, 0% used [0x00000000e0000000,0x00000000e0000000,0x00000000fc100000)
  from space 29184K, 85% used [0x00000000fe380000,0x00000000ffbe4df0,0x0000000100000000)
  to   space 32256K, 0% used [0x00000000fc100000,0x00000000fc100000,0x00000000fe080000)
 ParOldGen       total 141824K, used 73718K [0x00000000a0000000, 0x00000000a8a80000, 0x00000000e0000000)
  object space 141824K, 51% used [0x00000000a0000000,0x00000000a47fd830,0x00000000a8a80000)
 Metaspace       used 84623K, capacity 88119K, committed 88152K, reserved 1126400K
  class space    used 10703K, capacity 11377K, committed 11392K, reserved 1048576K
}
Event: 907.300 GC heap before
{Heap before GC invocations=28 (full 3):
 PSYoungGen      total 488960K, used 484755K [0x00000000e0000000, 0x0000000100000000, 0x0000000100000000)
  eden space 459776K, 100% used [0x00000000e0000000,0x00000000fc100000,0x00000000fc100000)
  from space 29184K, 85% used [0x00000000fe380000,0x00000000ffbe4df0,0x0000000100000000)
  to   space 32256K, 0% used [0x00000000fc100000,0x00000000fc100000,0x00000000fe080000)
 ParOldGen       total 141824K, used 73718K [0x00000000a0000000, 0x00000000a8a80000, 0x00000000e0000000)
  object space 141824K, 51% used [0x00000000a0000000,0x00000000a47fd830,0x00000000a8a80000)
 Metaspace       used 85489K, capacity 89029K, committed 89304K, reserved 1126400K
  class space    used 10733K, capacity 11438K, committed 11520K, reserved 1048576K
Event: 907.332 GC heap after
Heap after GC invocations=28 (full 3):
 PSYoungGen      total 492032K, used 6681K [0x00000000e0000000, 0x0000000100000000, 0x0000000100000000)
  eden space 459776K, 0% used [0x00000000e0000000,0x00000000e0000000,0x00000000fc100000)
  from space 32256K, 20% used [0x00000000fc100000,0x00000000fc7864e0,0x00000000fe080000)
  to   space 31232K, 0% used [0x00000000fe180000,0x00000000fe180000,0x0000000100000000)
 ParOldGen       total 141824K, used 75077K [0x00000000a0000000, 0x00000000a8a80000, 0x00000000e0000000)
  object space 141824K, 52% used [0x00000000a0000000,0x00000000a49514c8,0x00000000a8a80000)
 Metaspace       used 85489K, capacity 89029K, committed 89304K, reserved 1126400K
  class space    used 10733K, capacity 11438K, committed 11520K, reserved 1048576K
}
Event: 1715.764 GC heap before
{Heap before GC invocations=29 (full 3):
 PSYoungGen      total 492032K, used 466457K [0x00000000e0000000, 0x0000000100000000, 0x0000000100000000)
  eden space 459776K, 100% used [0x00000000e0000000,0x00000000fc100000,0x00000000fc100000)
  from space 32256K, 20% used [0x00000000fc100000,0x00000000fc7864e0,0x00000000fe080000)
  to   space 31232K, 0% used [0x00000000fe180000,0x00000000fe180000,0x0000000100000000)
 ParOldGen       total 141824K, used 75077K [0x00000000a0000000, 0x00000000a8a80000, 0x00000000e0000000)
  object space 141824K, 52% used [0x00000000a0000000,0x00000000a49514c8,0x00000000a8a80000)
 Metaspace       used 88853K, capacity 92613K, committed 92888K, reserved 1130496K
  class space    used 11011K, capacity 11734K, committed 11776K, reserved 1048576K
Event: 1715.787 GC heap after
Heap after GC invocations=29 (full 3):
 PSYoungGen      total 452608K, used 11262K [0x00000000e0000000, 0x00000000fec80000, 0x0000000100000000)
  eden space 441344K, 0% used [0x00000000e0000000,0x00000000e0000000,0x00000000faf00000)
  from space 11264K, 99% used [0x00000000fe180000,0x00000000fec7fa08,0x00000000fec80000)
  to   space 29696K, 0% used [0x00000000fb280000,0x00000000fb280000,0x00000000fcf80000)
 ParOldGen       total 141824K, used 75085K [0x00000000a0000000, 0x00000000a8a80000, 0x00000000e0000000)
  object space 141824K, 52% used [0x00000000a0000000,0x00000000a49534c8,0x00000000a8a80000)
 Metaspace       used 88853K, capacity 92613K, committed 92888K, reserved 1130496K
  class space    used 11011K, capacity 11734K, committed 11776K, reserved 1048576K
}

